<?xml version="1.0" encoding="UTF-8"?>
<!-- Generated by org.testng.reporters.JUnitReportReporter -->
<testsuite skipped="0" hostname="DESKTOP-F1UMDA6" name="org.automation.tetsingworld.testecases.TC_001_validate_RegistrationPage_Functionality" tests="4" failures="0" timestamp="12 Jul 2023 03:58:53 GMT" time="22.382" errors="0">
  <testcase name="tc_001_validate_Registration_page_Functionality" time="5.307" classname="org.automation.tetsingworld.testecases.TC_001_validate_RegistrationPage_Functionality"/>
  <testcase name="tc_001_validate_Registration_page_Functionality" time="5.526" classname="org.automation.tetsingworld.testecases.TC_001_validate_RegistrationPage_Functionality"/>
  <testcase name="tc_001_validate_Registration_page_Functionality" time="5.942" classname="org.automation.tetsingworld.testecases.TC_001_validate_RegistrationPage_Functionality"/>
  <testcase name="tc_001_validate_Registration_page_Functionality" time="5.607" classname="org.automation.tetsingworld.testecases.TC_001_validate_RegistrationPage_Functionality"/>
</testsuite> <!-- org.automation.tetsingworld.testecases.TC_001_validate_RegistrationPage_Functionality -->
